<?xml version="1.0" encoding="UTF-8"?>
<testng-results ignored="0" total="2" passed="2" failed="0" skipped="0">
  <reporter-output>
  </reporter-output>
  <suite started-at="2022-03-19T15:38:07 IST" name="Suite" finished-at="2022-03-19T15:38:42 IST" duration-ms="35443">
    <groups>
    </groups>
    <test started-at="2022-03-19T15:38:07 IST" name="Test" finished-at="2022-03-19T15:38:42 IST" duration-ms="35443">
      <class name="testCases.PriceComparision">
        <test-method is-config="true" signature="beforeClass(java.lang.String, java.lang.String)[pri:0, instance:testCases.PriceComparision@4310d43]" started-at="2022-03-19T15:38:27 IST" name="beforeClass" finished-at="2022-03-19T15:38:32 IST" duration-ms="5062" status="PASS">
          <params>
            <param index="0">
              <value>
                <![CDATA[chrome]]>
              </value>
            </param>
            <param index="1">
              <value>
                <![CDATA[https://www.flipkart.com/]]>
              </value>
            </param>
          </params>
          <reporter-output>
          </reporter-output>
        </test-method> <!-- beforeClass -->
        <test-method is-config="true" signature="beforeMethod()[pri:0, instance:testCases.PriceComparision@4310d43]" started-at="2022-03-19T15:38:32 IST" name="beforeMethod" finished-at="2022-03-19T15:38:32 IST" duration-ms="425" status="PASS">
          <reporter-output>
          </reporter-output>
        </test-method> <!-- beforeMethod -->
        <test-method signature="FlipKartAddToCart(java.lang.String, java.lang.String)[pri:0, instance:testCases.PriceComparision@4310d43]" started-at="2022-03-19T15:38:32 IST" name="FlipKartAddToCart" description="Compare the price of a product from both flipkart and amazon" data-provider="PriceCompare" finished-at="2022-03-19T15:38:41 IST" duration-ms="8926" status="PASS">
          <params>
            <param index="0">
              <value>
                <![CDATA[APPLE iPhone 13 (Midnight, 128 GB)]]>
              </value>
            </param>
            <param index="1">
              <value>
                <![CDATA[Apple iPhone 13 (128GB) - Midnight]]>
              </value>
            </param>
          </params>
          <reporter-output>
          </reporter-output>
        </test-method> <!-- FlipKartAddToCart -->
        <test-method is-config="true" signature="afterClass()[pri:0, instance:testCases.PriceComparision@4310d43]" started-at="2022-03-19T15:38:41 IST" name="afterClass" finished-at="2022-03-19T15:38:42 IST" duration-ms="982" status="PASS">
          <reporter-output>
          </reporter-output>
        </test-method> <!-- afterClass -->
      </class> <!-- testCases.PriceComparision -->
      <class name="testCases.AddToCartAndIncreaseQuantity">
        <test-method is-config="true" signature="beforeClass(java.lang.String, java.lang.String)[pri:0, instance:testCases.AddToCartAndIncreaseQuantity@61001b64]" started-at="2022-03-19T15:38:07 IST" name="beforeClass" finished-at="2022-03-19T15:38:19 IST" duration-ms="12136" status="PASS">
          <params>
            <param index="0">
              <value>
                <![CDATA[chrome]]>
              </value>
            </param>
            <param index="1">
              <value>
                <![CDATA[https://www.flipkart.com/]]>
              </value>
            </param>
          </params>
          <reporter-output>
          </reporter-output>
        </test-method> <!-- beforeClass -->
        <test-method is-config="true" signature="beforeMethod()[pri:0, instance:testCases.AddToCartAndIncreaseQuantity@61001b64]" started-at="2022-03-19T15:38:20 IST" name="beforeMethod" finished-at="2022-03-19T15:38:20 IST" duration-ms="326" status="PASS">
          <reporter-output>
          </reporter-output>
        </test-method> <!-- beforeMethod -->
        <test-method signature="FlipKartAddToCart(java.lang.String)[pri:0, instance:testCases.AddToCartAndIncreaseQuantity@61001b64]" started-at="2022-03-19T15:38:20 IST" name="FlipKartAddToCart" description="Add a product and increase the quantity from the cart and also fetch the price from detail page and from my cart page" data-provider="AddToCartAndIncreaseQuantity" finished-at="2022-03-19T15:38:26 IST" duration-ms="5341" status="PASS">
          <params>
            <param index="0">
              <value>
                <![CDATA[Iphone 13]]>
              </value>
            </param>
          </params>
          <reporter-output>
          </reporter-output>
        </test-method> <!-- FlipKartAddToCart -->
        <test-method is-config="true" signature="afterClass()[pri:0, instance:testCases.AddToCartAndIncreaseQuantity@61001b64]" started-at="2022-03-19T15:38:26 IST" name="afterClass" finished-at="2022-03-19T15:38:27 IST" duration-ms="908" status="PASS">
          <reporter-output>
          </reporter-output>
        </test-method> <!-- afterClass -->
      </class> <!-- testCases.AddToCartAndIncreaseQuantity -->
    </test> <!-- Test -->
  </suite> <!-- Suite -->
</testng-results>
